{
  "numTotalTestSuites": 7,
  "numPassedTestSuites": 7,
  "numFailedTestSuites": 0,
  "numTotalTests": 63,
  "numPassedTests": 63,
  "numFailedTests": 0,
  "success": true,
  "testSuites": {
    "proxy.test.ts": { "total": 12, "passed": 12, "failed": 0 },
    "vk-auth.test.ts": { "total": 9, "passed": 9, "failed": 0 },
    "proxy-routes.test.ts": { "total": 10, "passed": 10, "failed": 0 },
    "virtual-key.test.ts": { "total": 18, "passed": 18, "failed": 0 },
    "model-resolver.test.ts": { "total": 5, "passed": 5, "failed": 0 },
    "crypto.test.ts": { "total": 7, "passed": 7, "failed": 0 },
    "health.test.ts": { "total": 2, "passed": 2, "failed": 0 }
  }
}
